11:02:18.435 skipping bootstrap configuration: could not find or read file: classpath:karate-config.js
16:50:50.919 request:
1 > GET https://gorest.co.in/public-api/users?first_name=Elenora
1 > Accept-Encoding: gzip,deflate
1 > Authorization: Bearer Z8Pa_wA5ribojXeCDjIANdDOaQ2e4ZAmnBzz
1 > Connection: Keep-Alive
1 > Host: gorest.co.in
1 > User-Agent: Apache-HttpClient/4.5.5 (Java/12.0.2)

16:50:51.676 response time in milliseconds: 755.32
1 < 200
1 < Connection: keep-alive
1 < Content-Type: application/json; charset=UTF-8
1 < Date: Sun, 06 Oct 2019 12:50:51 GMT
1 < Link: <https://gorest.co.in/public-api/users?first_name=Elenora&page=1>; rel=self
1 < Server: nginx
1 < Set-Cookie: _csrf=730b307009e7f8e50c70b74476e2a116a930aa9df7b5d4b5e2fcfee7ada5a7c7a%3A2%3A%7Bi%3A0%3Bs%3A5%3A%22_csrf%22%3Bi%3A1%3Bs%3A32%3A%227qRJj_JcCxRiwv0fqPdmue-haQEBt8Lb%22%3B%7D; path=/; HttpOnly
1 < Transfer-Encoding: chunked
1 < Vary: [Accept-Encoding, Accept]
1 < X-Pagination-Current-Page: 1
1 < X-Pagination-Page-Count: 1
1 < X-Pagination-Per-Page: 20
1 < X-Pagination-Total-Count: 2
1 < X-Rate-Limit-Limit: 30
1 < X-Rate-Limit-Remaining: 29
1 < X-Rate-Limit-Reset: 2
{"_meta":{"success":true,"code":200,"message":"OK. Everything worked as expected.","totalCount":2,"pageCount":1,"currentPage":1,"perPage":20,"rateLimit":{"limit":30,"remaining":29,"reset":2}},"result":[{"id":"2","first_name":"Elenora","last_name":"Bergstrom","gender":"female","dob":"1935-07-31","email":"moore.ona@example.org","phone":"(504) 840-6180 x918","website":"http://littel.com/sunt-alias-voluptatum-corporis-excepturi-odio-ut","address":"51217 Jarrell Valley\nBrownchester, ME 48424-9599","status":"inactive","_links":{"self":{"href":"https://gorest.co.in/public-api/users/2"},"edit":{"href":"https://gorest.co.in/public-api/users/2"},"avatar":{"href":"https://lorempixel.com/250/250/people/?73011"}}},{"id":"1628","first_name":"Elenora","last_name":"O'Hara","gender":"female","dob":"1972-01-01","email":"uchamplin@example.org","phone":"1-783-704-8113 x199","website":"https://www.baumbach.com/architecto-eius-qui-repellat-laborum-voluptatem-itaque-odio","address":"9272 Parisian Fort\nAngelitastad, AR 81892-9137","status":"inactive","_links":{"self":{"href":"https://gorest.co.in/public-api/users/1628"},"edit":{"href":"https://gorest.co.in/public-api/users/1628"},"avatar":{"href":"https://lorempixel.com/250/250/people/?53121"}}}]}

